<?xml version="1.0" encoding="UTF-8"?>
<coverage generated="1760780831189" clover="3.2.0">
  <project timestamp="1760780831190" name="All files">
    <metrics statements="46" coveredstatements="46" conditionals="6" coveredconditionals="6" methods="12" coveredmethods="12" elements="64" coveredelements="64" complexity="0" loc="46" ncloc="46" packages="2" files="2" classes="2"/>
    <package name="trabalhofinal-login">
      <metrics statements="34" coveredstatements="34" conditionals="6" coveredconditionals="6" methods="7" coveredmethods="7"/>
      <file name="server.js" path="/home/dell/Development/trabalhofinal-login/server.js">
        <metrics statements="34" coveredstatements="34" conditionals="6" coveredconditionals="6" methods="7" coveredmethods="7"/>
        <line num="1" count="1" type="stmt"/>
        <line num="2" count="1" type="stmt"/>
        <line num="3" count="1" type="stmt"/>
        <line num="6" count="1" type="stmt"/>
        <line num="7" count="1" type="stmt"/>
        <line num="10" count="1" type="stmt"/>
        <line num="13" count="1" type="stmt"/>
        <line num="20" count="1" type="stmt"/>
        <line num="22" count="1" type="stmt"/>
        <line num="23" count="1" type="stmt"/>
        <line num="25" count="1" type="stmt"/>
        <line num="29" count="1" type="stmt"/>
        <line num="30" count="3" type="stmt"/>
        <line num="31" count="3" type="stmt"/>
        <line num="34" count="3" type="cond" truecount="4" falsecount="0"/>
        <line num="36" count="1" type="stmt"/>
        <line num="39" count="2" type="stmt"/>
        <line num="44" count="1" type="stmt"/>
        <line num="45" count="1" type="stmt"/>
        <line num="49" count="1" type="stmt"/>
        <line num="50" count="2" type="stmt"/>
        <line num="53" count="2" type="cond" truecount="2" falsecount="0"/>
        <line num="55" count="1" type="stmt"/>
        <line num="59" count="1" type="stmt"/>
        <line num="62" count="1" type="stmt"/>
        <line num="66" count="1" type="stmt"/>
        <line num="67" count="1" type="stmt"/>
        <line num="71" count="1" type="stmt"/>
        <line num="72" count="1" type="stmt"/>
        <line num="75" count="1" type="stmt"/>
        <line num="78" count="1" type="stmt"/>
        <line num="85" count="1" type="stmt"/>
        <line num="86" count="1" type="stmt"/>
        <line num="89" count="1" type="stmt"/>
      </file>
    </package>
    <package name="trabalhofinal-login.data">
      <metrics statements="12" coveredstatements="12" conditionals="0" coveredconditionals="0" methods="5" coveredmethods="5"/>
      <file name="users.js" path="/home/dell/Development/trabalhofinal-login/data/users.js">
        <metrics statements="12" coveredstatements="12" conditionals="0" coveredconditionals="0" methods="5" coveredmethods="5"/>
        <line num="3" count="2" type="stmt"/>
        <line num="15" count="2" type="stmt"/>
        <line num="17" count="2" type="stmt"/>
        <line num="21" count="2" type="stmt"/>
        <line num="25" count="18" type="stmt"/>
        <line num="33" count="3" type="stmt"/>
        <line num="35" count="3" type="stmt"/>
        <line num="37" count="3" type="stmt"/>
        <line num="47" count="15" type="stmt"/>
        <line num="49" count="15" type="stmt"/>
        <line num="56" count="9" type="stmt"/>
        <line num="62" count="2" type="stmt"/>
      </file>
    </package>
  </project>
</coverage>
