{"/home/dell/Development/trabalhofinal-login/data/users.js": {"path":"/home/dell/Development/trabalhofinal-login/data/users.js","statementMap":{"0":{"start":{"line":2,"column":12},"end":{"line":5,"column":1}},"1":{"start":{"line":8,"column":13},"end":{"line":8,"column":14}},"2":{"start":{"line":11,"column":15},"end":{"line":21,"column":1}},"3":{"start":{"line":13,"column":28},"end":{"line":13,"column":62}},"4":{"start":{"line":13,"column":44},"end":{"line":13,"column":61}},"5":{"start":{"line":17,"column":24},"end":{"line":17,"column":57}},"6":{"start":{"line":18,"column":8},"end":{"line":18,"column":28}},"7":{"start":{"line":19,"column":8},"end":{"line":19,"column":23}},"8":{"start":{"line":23,"column":0},"end":{"line":23,"column":24}}},"fnMap":{"0":{"name":"(anonymous_0)","decl":{"start":{"line":13,"column":17},"end":{"line":13,"column":18}},"loc":{"start":{"line":13,"column":28},"end":{"line":13,"column":62}},"line":13},"1":{"name":"(anonymous_1)","decl":{"start":{"line":13,"column":39},"end":{"line":13,"column":40}},"loc":{"start":{"line":13,"column":44},"end":{"line":13,"column":61}},"line":13},"2":{"name":"(anonymous_2)","decl":{"start":{"line":16,"column":13},"end":{"line":16,"column":14}},"loc":{"start":{"line":16,"column":34},"end":{"line":20,"column":5}},"line":16}},"branchMap":{},"s":{"0":1,"1":1,"2":1,"3":3,"4":6,"5":1,"6":1,"7":1,"8":1},"f":{"0":3,"1":6,"2":1},"b":{},"_coverageSchema":"1a1c01bbd47fc00a2c39e90264f33305004495a9","hash":"ced48540dfa023b70e5f6969f64d12a4e66e4d27"}
}
