{"/home/dell/Development/trabalhofinal-login/server.js": {"path":"/home/dell/Development/trabalhofinal-login/server.js","statementMap":{"0":{"start":{"line":1,"column":16},"end":{"line":1,"column":34}},"1":{"start":{"line":2,"column":12},"end":{"line":2,"column":21}},"2":{"start":{"line":3,"column":13},"end":{"line":3,"column":17}},"3":{"start":{"line":6,"column":0},"end":{"line":6,"column":30}},"4":{"start":{"line":7,"column":0},"end":{"line":7,"column":28}},"5":{"start":{"line":10,"column":0},"end":{"line":10,"column":48}},"6":{"start":{"line":13,"column":15},"end":{"line":13,"column":38}},"7":{"start":{"line":20,"column":0},"end":{"line":26,"column":3}},"8":{"start":{"line":22,"column":18},"end":{"line":22,"column":33}},"9":{"start":{"line":23,"column":20},"end":{"line":23,"column":37}},"10":{"start":{"line":25,"column":4},"end":{"line":25,"column":44}},"11":{"start":{"line":29,"column":0},"end":{"line":41,"column":3}},"12":{"start":{"line":30,"column":32},"end":{"line":30,"column":40}},"13":{"start":{"line":31,"column":17},"end":{"line":31,"column":42}},"14":{"start":{"line":34,"column":4},"end":{"line":40,"column":5}},"15":{"start":{"line":36,"column":8},"end":{"line":36,"column":131}},"16":{"start":{"line":39,"column":8},"end":{"line":39,"column":41}},"17":{"start":{"line":44,"column":0},"end":{"line":46,"column":3}},"18":{"start":{"line":45,"column":4},"end":{"line":45,"column":27}},"19":{"start":{"line":49,"column":0},"end":{"line":63,"column":3}},"20":{"start":{"line":50,"column":32},"end":{"line":50,"column":40}},"21":{"start":{"line":53,"column":4},"end":{"line":56,"column":5}},"22":{"start":{"line":55,"column":8},"end":{"line":55,"column":138}},"23":{"start":{"line":59,"column":4},"end":{"line":59,"column":36}},"24":{"start":{"line":62,"column":4},"end":{"line":62,"column":39}},"25":{"start":{"line":66,"column":0},"end":{"line":68,"column":3}},"26":{"start":{"line":67,"column":4},"end":{"line":67,"column":32}},"27":{"start":{"line":71,"column":0},"end":{"line":79,"column":3}},"28":{"start":{"line":72,"column":22},"end":{"line":72,"column":30}},"29":{"start":{"line":75,"column":4},"end":{"line":75,"column":80}},"30":{"start":{"line":78,"column":4},"end":{"line":78,"column":125}},"31":{"start":{"line":85,"column":0},"end":{"line":87,"column":3}},"32":{"start":{"line":86,"column":4},"end":{"line":86,"column":64}},"33":{"start":{"line":89,"column":0},"end":{"line":89,"column":21}}},"fnMap":{"0":{"name":"(anonymous_0)","decl":{"start":{"line":20,"column":13},"end":{"line":20,"column":14}},"loc":{"start":{"line":20,"column":27},"end":{"line":26,"column":1}},"line":20},"1":{"name":"(anonymous_1)","decl":{"start":{"line":29,"column":19},"end":{"line":29,"column":20}},"loc":{"start":{"line":29,"column":33},"end":{"line":41,"column":1}},"line":29},"2":{"name":"(anonymous_2)","decl":{"start":{"line":44,"column":21},"end":{"line":44,"column":22}},"loc":{"start":{"line":44,"column":35},"end":{"line":46,"column":1}},"line":44},"3":{"name":"(anonymous_3)","decl":{"start":{"line":49,"column":22},"end":{"line":49,"column":23}},"loc":{"start":{"line":49,"column":36},"end":{"line":63,"column":1}},"line":49},"4":{"name":"(anonymous_4)","decl":{"start":{"line":66,"column":26},"end":{"line":66,"column":27}},"loc":{"start":{"line":66,"column":40},"end":{"line":68,"column":1}},"line":66},"5":{"name":"(anonymous_5)","decl":{"start":{"line":71,"column":27},"end":{"line":71,"column":28}},"loc":{"start":{"line":71,"column":41},"end":{"line":79,"column":1}},"line":71},"6":{"name":"(anonymous_6)","decl":{"start":{"line":85,"column":17},"end":{"line":85,"column":18}},"loc":{"start":{"line":85,"column":23},"end":{"line":87,"column":1}},"line":85}},"branchMap":{"0":{"loc":{"start":{"line":34,"column":4},"end":{"line":40,"column":5}},"type":"if","locations":[{"start":{"line":34,"column":4},"end":{"line":40,"column":5}},{"start":{"line":37,"column":11},"end":{"line":40,"column":5}}],"line":34},"1":{"loc":{"start":{"line":34,"column":8},"end":{"line":34,"column":42}},"type":"binary-expr","locations":[{"start":{"line":34,"column":8},"end":{"line":34,"column":12}},{"start":{"line":34,"column":16},"end":{"line":34,"column":42}}],"line":34},"2":{"loc":{"start":{"line":53,"column":4},"end":{"line":56,"column":5}},"type":"if","locations":[{"start":{"line":53,"column":4},"end":{"line":56,"column":5}},{"start":{},"end":{}}],"line":53}},"s":{"0":1,"1":1,"2":1,"3":1,"4":1,"5":1,"6":1,"7":1,"8":1,"9":1,"10":1,"11":1,"12":3,"13":3,"14":3,"15":1,"16":2,"17":1,"18":1,"19":1,"20":2,"21":2,"22":1,"23":1,"24":1,"25":1,"26":1,"27":1,"28":1,"29":1,"30":1,"31":1,"32":1,"33":1},"f":{"0":1,"1":3,"2":1,"3":2,"4":1,"5":1,"6":1},"b":{"0":[1,2],"1":[3,2],"2":[1,1]},"_coverageSchema":"1a1c01bbd47fc00a2c39e90264f33305004495a9","hash":"18d440d5db4a03a2f0211812c577bbb6ab2f97da"}
,"/home/dell/Development/trabalhofinal-login/data/users.js": {"path":"/home/dell/Development/trabalhofinal-login/data/users.js","statementMap":{"0":{"start":{"line":3,"column":21},"end":{"line":9,"column":1}},"1":{"start":{"line":15,"column":12},"end":{"line":15,"column":29}},"2":{"start":{"line":17,"column":13},"end":{"line":17,"column":14}},"3":{"start":{"line":21,"column":15},"end":{"line":58,"column":1}},"4":{"start":{"line":25,"column":24},"end":{"line":25,"column":58}},"5":{"start":{"line":25,"column":40},"end":{"line":25,"column":57}},"6":{"start":{"line":33,"column":16},"end":{"line":33,"column":49}},"7":{"start":{"line":35,"column":0},"end":{"line":35,"column":20}},"8":{"start":{"line":37,"column":0},"end":{"line":37,"column":15}},"9":{"start":{"line":47,"column":0},"end":{"line":47,"column":26}},"10":{"start":{"line":49,"column":0},"end":{"line":49,"column":11}},"11":{"start":{"line":56,"column":19},"end":{"line":56,"column":29}},"12":{"start":{"line":62,"column":0},"end":{"line":62,"column":24}}},"fnMap":{"0":{"name":"(anonymous_0)","decl":{"start":{"line":25,"column":13},"end":{"line":25,"column":14}},"loc":{"start":{"line":25,"column":24},"end":{"line":25,"column":58}},"line":25},"1":{"name":"(anonymous_1)","decl":{"start":{"line":25,"column":35},"end":{"line":25,"column":36}},"loc":{"start":{"line":25,"column":40},"end":{"line":25,"column":57}},"line":25},"2":{"name":"(anonymous_2)","decl":{"start":{"line":31,"column":9},"end":{"line":31,"column":10}},"loc":{"start":{"line":31,"column":30},"end":{"line":39,"column":1}},"line":31},"3":{"name":"(anonymous_3)","decl":{"start":{"line":45,"column":12},"end":{"line":45,"column":13}},"loc":{"start":{"line":45,"column":18},"end":{"line":51,"column":1}},"line":45},"4":{"name":"(anonymous_4)","decl":{"start":{"line":56,"column":13},"end":{"line":56,"column":14}},"loc":{"start":{"line":56,"column":19},"end":{"line":56,"column":29}},"line":56}},"branchMap":{},"s":{"0":2,"1":2,"2":2,"3":2,"4":10,"5":18,"6":3,"7":3,"8":3,"9":15,"10":15,"11":9,"12":2},"f":{"0":10,"1":18,"2":3,"3":15,"4":9},"b":{},"_coverageSchema":"1a1c01bbd47fc00a2c39e90264f33305004495a9","hash":"5b0e71068fd276c921e7a40218b6ac8fcd02b067"}
}
