TN:
SF:server.js
FN:20,(anonymous_0)
FN:29,(anonymous_1)
FN:44,(anonymous_2)
FN:49,(anonymous_3)
FN:66,(anonymous_4)
FN:71,(anonymous_5)
FN:85,(anonymous_6)
FNF:7
FNH:7
FNDA:1,(anonymous_0)
FNDA:3,(anonymous_1)
FNDA:1,(anonymous_2)
FNDA:2,(anonymous_3)
FNDA:1,(anonymous_4)
FNDA:1,(anonymous_5)
FNDA:1,(anonymous_6)
DA:1,1
DA:2,1
DA:3,1
DA:6,1
DA:7,1
DA:10,1
DA:13,1
DA:20,1
DA:22,1
DA:23,1
DA:25,1
DA:29,1
DA:30,3
DA:31,3
DA:34,3
DA:36,1
DA:39,2
DA:44,1
DA:45,1
DA:49,1
DA:50,2
DA:53,2
DA:55,1
DA:59,1
DA:62,1
DA:66,1
DA:67,1
DA:71,1
DA:72,1
DA:75,1
DA:78,1
DA:85,1
DA:86,1
DA:89,1
LF:34
LH:34
BRDA:34,0,0,1
BRDA:34,0,1,2
BRDA:34,1,0,3
BRDA:34,1,1,2
BRDA:53,2,0,1
BRDA:53,2,1,1
BRF:6
BRH:6
end_of_record
TN:
SF:data/users.js
FN:25,(anonymous_0)
FN:25,(anonymous_1)
FN:31,(anonymous_2)
FN:45,(anonymous_3)
FN:56,(anonymous_4)
FNF:5
FNH:5
FNDA:10,(anonymous_0)
FNDA:18,(anonymous_1)
FNDA:3,(anonymous_2)
FNDA:15,(anonymous_3)
FNDA:9,(anonymous_4)
DA:3,2
DA:15,2
DA:17,2
DA:21,2
DA:25,18
DA:33,3
DA:35,3
DA:37,3
DA:47,15
DA:49,15
DA:56,9
DA:62,2
LF:12
LH:12
BRF:0
BRH:0
end_of_record
